RUN	io.gatling.js.JsSimulation	jssimulation	1727225344896	 	3.11.5
USER	Criação E Talvez Consulta de Pessoas	START	1727225345736
USER	Busca Válida de Pessoas	START	1727225345736
USER	Busca Inválida de Pessoas	START	1727225345755
REQUEST		busca inválida	1727225345754	1727225345991	OK	 
USER	Busca Inválida de Pessoas	END	1727225346002
USER	Busca Válida de Pessoas	START	1727225346220
USER	Criação E Talvez Consulta de Pessoas	START	1727225346222
USER	Busca Inválida de Pessoas	START	1727225346222
REQUEST		busca válida	1727225345754	1727225346405	OK	 
USER	Busca Válida de Pessoas	END	1727225346406
REQUEST		busca inválida	1727225346222	1727225346491	OK	 
USER	Busca Inválida de Pessoas	END	1727225346491
USER	Busca Válida de Pessoas	START	1727225346719
USER	Busca Inválida de Pessoas	START	1727225346719
USER	Criação E Talvez Consulta de Pessoas	START	1727225346735
REQUEST		busca inválida	1727225346719	1727225346803	OK	 
USER	Busca Inválida de Pessoas	END	1727225346803
REQUEST		busca válida	1727225346720	1727225346892	OK	 
USER	Busca Válida de Pessoas	END	1727225346892
USER	Busca Válida de Pessoas	START	1727225347233
USER	Criação E Talvez Consulta de Pessoas	START	1727225347233
USER	Busca Inválida de Pessoas	START	1727225347234
REQUEST		busca inválida	1727225347233	1727225347286	OK	 
USER	Busca Inválida de Pessoas	END	1727225347287
USER	Busca Inválida de Pessoas	START	1727225347720
USER	Busca Válida de Pessoas	START	1727225347728
USER	Criação E Talvez Consulta de Pessoas	START	1727225347728
REQUEST		busca inválida	1727225347720	1727225347778	OK	 
USER	Busca Inválida de Pessoas	END	1727225347779
REQUEST		busca válida	1727225347729	1727225347779	OK	 
USER	Busca Válida de Pessoas	END	1727225347779
USER	Busca Válida de Pessoas	START	1727225348223
USER	Criação E Talvez Consulta de Pessoas	START	1727225348223
USER	Busca Inválida de Pessoas	START	1727225348224
REQUEST		busca inválida	1727225348223	1727225348272	OK	 
USER	Busca Inválida de Pessoas	END	1727225348273
REQUEST		busca válida	1727225348223	1727225348275	OK	 
USER	Busca Válida de Pessoas	END	1727225348275
USER	Criação E Talvez Consulta de Pessoas	START	1727225348719
USER	Busca Válida de Pessoas	START	1727225348719
USER	Busca Inválida de Pessoas	START	1727225348720
REQUEST		busca inválida	1727225348719	1727225348774	OK	 
USER	Busca Inválida de Pessoas	END	1727225348775
REQUEST		busca válida	1727225348720	1727225348776	OK	 
USER	Busca Válida de Pessoas	END	1727225348777
USER	Busca Válida de Pessoas	START	1727225349232
USER	Criação E Talvez Consulta de Pessoas	START	1727225349232
USER	Busca Inválida de Pessoas	START	1727225349233
REQUEST		busca válida	1727225349233	1727225349315	OK	 
USER	Busca Válida de Pessoas	END	1727225349315
REQUEST		busca inválida	1727225349233	1727225349395	OK	 
REQUEST		busca válida	1727225346220	1727225349396	OK	 
USER	Busca Inválida de Pessoas	END	1727225349396
USER	Busca Válida de Pessoas	END	1727225349396
REQUEST		busca válida	1727225347233	1727225349396	OK	 
USER	Busca Válida de Pessoas	END	1727225349396
USER	Criação E Talvez Consulta de Pessoas	START	1727225349731
USER	Busca Válida de Pessoas	START	1727225349731
USER	Busca Inválida de Pessoas	START	1727225349735
REQUEST		busca inválida	1727225349732	1727225349780	OK	 
USER	Busca Inválida de Pessoas	END	1727225349780
REQUEST		busca válida	1727225349733	1727225349782	OK	 
USER	Busca Válida de Pessoas	END	1727225349783
USER	Busca Válida de Pessoas	START	1727225350229
USER	Criação E Talvez Consulta de Pessoas	START	1727225350229
USER	Busca Inválida de Pessoas	START	1727225350229
REQUEST		busca inválida	1727225350229	1727225350277	OK	 
USER	Busca Inválida de Pessoas	END	1727225350277
REQUEST		busca válida	1727225350229	1727225350281	OK	 
USER	Busca Válida de Pessoas	END	1727225350281
REQUEST		criação	1727225350229	1727225350280	OK	 
USER	Criação E Talvez Consulta de Pessoas	START	1727225350727
USER	Busca Válida de Pessoas	START	1727225350727
USER	Busca Inválida de Pessoas	START	1727225350728
REQUEST		busca inválida	1727225350727	1727225350773	OK	 
USER	Busca Inválida de Pessoas	END	1727225350774
REQUEST		busca válida	1727225350727	1727225350775	OK	 
USER	Busca Válida de Pessoas	END	1727225350775
USER	Busca Válida de Pessoas	START	1727225351219
USER	Criação E Talvez Consulta de Pessoas	START	1727225351219
USER	Busca Inválida de Pessoas	START	1727225351220
REQUEST		busca inválida	1727225351219	1727225351274	OK	 
USER	Busca Inválida de Pessoas	END	1727225351275
REQUEST		busca válida	1727225351219	1727225351278	OK	 
USER	Busca Válida de Pessoas	END	1727225351278
USER	Criação E Talvez Consulta de Pessoas	START	1727225351732
USER	Busca Válida de Pessoas	START	1727225351732
USER	Busca Inválida de Pessoas	START	1727225351733
REQUEST		busca inválida	1727225351733	1727225351780	OK	 
USER	Busca Inválida de Pessoas	END	1727225351780
REQUEST		busca válida	1727225351733	1727225351781	OK	 
USER	Busca Válida de Pessoas	END	1727225351782
USER	Busca Válida de Pessoas	START	1727225352231
USER	Criação E Talvez Consulta de Pessoas	START	1727225352231
USER	Busca Inválida de Pessoas	START	1727225352233
REQUEST		busca inválida	1727225352232	1727225352254	OK	 
USER	Busca Inválida de Pessoas	END	1727225352255
REQUEST		busca válida	1727225352232	1727225352255	OK	 
USER	Busca Válida de Pessoas	END	1727225352255
USER	Busca Válida de Pessoas	START	1727225352728
USER	Criação E Talvez Consulta de Pessoas	START	1727225352728
USER	Busca Inválida de Pessoas	START	1727225352729
REQUEST		busca inválida	1727225352728	1727225352780	OK	 
REQUEST		busca válida	1727225352728	1727225352781	OK	 
USER	Busca Inválida de Pessoas	END	1727225352781
USER	Busca Válida de Pessoas	END	1727225352782
USER	Criação E Talvez Consulta de Pessoas	START	1727225353228
USER	Busca Válida de Pessoas	START	1727225353228
USER	Busca Inválida de Pessoas	START	1727225353230
REQUEST		busca inválida	1727225353229	1727225353277	OK	 
USER	Busca Inválida de Pessoas	END	1727225353278
REQUEST		busca válida	1727225353229	1727225353278	OK	 
USER	Busca Válida de Pessoas	END	1727225353279
USER	Criação E Talvez Consulta de Pessoas	START	1727225353724
USER	Busca Válida de Pessoas	START	1727225353724
USER	Busca Inválida de Pessoas	START	1727225353726
REQUEST		busca inválida	1727225353725	1727225353776	OK	 
USER	Busca Inválida de Pessoas	END	1727225353777
REQUEST		busca válida	1727225353725	1727225353778	OK	 
USER	Busca Válida de Pessoas	END	1727225353778
USER	Criação E Talvez Consulta de Pessoas	START	1727225354220
USER	Busca Válida de Pessoas	START	1727225354220
USER	Busca Inválida de Pessoas	START	1727225354221
REQUEST		busca inválida	1727225354221	1727225354272	OK	 
USER	Busca Inválida de Pessoas	END	1727225354272
REQUEST		busca válida	1727225354221	1727225354274	OK	 
USER	Busca Válida de Pessoas	END	1727225354274
USER	Criação E Talvez Consulta de Pessoas	START	1727225354731
USER	Busca Válida de Pessoas	START	1727225354731
USER	Busca Inválida de Pessoas	START	1727225354732
REQUEST		busca inválida	1727225354731	1727225354749	OK	 
USER	Busca Inválida de Pessoas	END	1727225354749
REQUEST		busca válida	1727225354731	1727225354750	OK	 
USER	Busca Válida de Pessoas	END	1727225354750
USER	Criação E Talvez Consulta de Pessoas	START	1727225355228
USER	Busca Válida de Pessoas	START	1727225355229
USER	Busca Inválida de Pessoas	START	1727225355230
REQUEST		busca inválida	1727225355228	1727225355274	OK	 
USER	Busca Inválida de Pessoas	END	1727225355274
REQUEST		busca válida	1727225355230	1727225355277	OK	 
USER	Busca Válida de Pessoas	END	1727225355277
USER	Busca Válida de Pessoas	START	1727225355741
USER	Busca Inválida de Pessoas	START	1727225355742
REQUEST		busca inválida	1727225355741	1727225355776	OK	 
USER	Busca Inválida de Pessoas	END	1727225355777
REQUEST		busca válida	1727225355741	1727225355777	OK	 
USER	Busca Válida de Pessoas	END	1727225355777
USER	Criação E Talvez Consulta de Pessoas	START	1727225355803
USER	Criação E Talvez Consulta de Pessoas	START	1727225356129
USER	Criação E Talvez Consulta de Pessoas	START	1727225356144
USER	Criação E Talvez Consulta de Pessoas	START	1727225356175
REQUEST		criação	1727225356175	1727225356217	OK	 
USER	Busca Válida de Pessoas	START	1727225356221
USER	Busca Inválida de Pessoas	START	1727225356222
REQUEST		busca inválida	1727225356222	1727225356230	OK	 
USER	Busca Inválida de Pessoas	END	1727225356231
REQUEST		busca válida	1727225356222	1727225356232	OK	 
USER	Busca Válida de Pessoas	END	1727225356232
USER	Criação E Talvez Consulta de Pessoas	START	1727225356360
USER	Criação E Talvez Consulta de Pessoas	START	1727225356576
USER	Busca Válida de Pessoas	START	1727225356732
USER	Busca Inválida de Pessoas	START	1727225356732
REQUEST		busca inválida	1727225356732	1727225356777	OK	 
USER	Busca Inválida de Pessoas	END	1727225356777
REQUEST		busca válida	1727225356732	1727225356779	OK	 
USER	Busca Válida de Pessoas	END	1727225356779
USER	Criação E Talvez Consulta de Pessoas	START	1727225357149
USER	Criação E Talvez Consulta de Pessoas	START	1727225357213
USER	Busca Válida de Pessoas	START	1727225357227
USER	Busca Inválida de Pessoas	START	1727225357228
REQUEST		criação	1727225357214	1727225357241	OK	 
REQUEST		busca inválida	1727225357227	1727225357242	OK	 
USER	Busca Inválida de Pessoas	END	1727225357242
REQUEST		busca válida	1727225357228	1727225357244	OK	 
USER	Busca Válida de Pessoas	END	1727225357244
USER	Criação E Talvez Consulta de Pessoas	START	1727225357456
REQUEST		criação	1727225357456	1727225357474	OK	 
USER	Busca Válida de Pessoas	START	1727225357742
USER	Busca Inválida de Pessoas	START	1727225357743
USER	Criação E Talvez Consulta de Pessoas	START	1727225357754
REQUEST		busca inválida	1727225357742	1727225357775	OK	 
USER	Busca Inválida de Pessoas	END	1727225357775
REQUEST		busca válida	1727225357742	1727225357777	OK	 
USER	Busca Válida de Pessoas	END	1727225357777
USER	Criação E Talvez Consulta de Pessoas	START	1727225357799
USER	Criação E Talvez Consulta de Pessoas	START	1727225358189
USER	Busca Válida de Pessoas	START	1727225358221
USER	Busca Inválida de Pessoas	START	1727225358222
REQUEST		busca inválida	1727225358222	1727225358286	OK	 
USER	Busca Inválida de Pessoas	END	1727225358287
REQUEST		busca válida	1727225358222	1727225358290	OK	 
USER	Busca Válida de Pessoas	END	1727225358290
USER	Busca Válida de Pessoas	START	1727225358733
USER	Busca Inválida de Pessoas	START	1727225358734
REQUEST		busca inválida	1727225358733	1727225358775	OK	 
USER	Busca Inválida de Pessoas	END	1727225358776
REQUEST		busca válida	1727225358734	1727225358776	OK	 
USER	Busca Válida de Pessoas	END	1727225358776
USER	Criação E Talvez Consulta de Pessoas	START	1727225358840
USER	Criação E Talvez Consulta de Pessoas	START	1727225359182
USER	Busca Válida de Pessoas	START	1727225359228
USER	Busca Inválida de Pessoas	START	1727225359229
REQUEST		busca inválida	1727225359228	1727225359278	OK	 
USER	Busca Inválida de Pessoas	END	1727225359278
REQUEST		criação	1727225359182	1727225359281	OK	 
REQUEST		busca válida	1727225359228	1727225359282	OK	 
USER	Busca Válida de Pessoas	END	1727225359283
USER	Criação E Talvez Consulta de Pessoas	START	1727225359508
USER	Criação E Talvez Consulta de Pessoas	START	1727225359586
REQUEST		criação	1727225359509	1727225359595	OK	 
USER	Criação E Talvez Consulta de Pessoas	START	1727225359680
USER	Busca Válida de Pessoas	START	1727225359727
USER	Busca Inválida de Pessoas	START	1727225359729
REQUEST		busca inválida	1727225359728	1727225359746	OK	 
USER	Busca Inválida de Pessoas	END	1727225359747
REQUEST		busca válida	1727225359728	1727225359789	OK	 
USER	Busca Válida de Pessoas	END	1727225359789
USER	Criação E Talvez Consulta de Pessoas	START	1727225359866
USER	Busca Válida de Pessoas	START	1727225360222
USER	Busca Inválida de Pessoas	START	1727225360223
USER	Criação E Talvez Consulta de Pessoas	START	1727225360237
REQUEST		busca inválida	1727225360223	1727225360276	OK	 
REQUEST		busca válida	1727225360223	1727225360276	OK	 
USER	Busca Inválida de Pessoas	END	1727225360276
USER	Busca Válida de Pessoas	END	1727225360277
USER	Criação E Talvez Consulta de Pessoas	START	1727225360376
USER	Criação E Talvez Consulta de Pessoas	START	1727225360407
USER	Criação E Talvez Consulta de Pessoas	START	1727225360564
USER	Criação E Talvez Consulta de Pessoas	START	1727225360625
USER	Criação E Talvez Consulta de Pessoas	START	1727225360625
USER	Criação E Talvez Consulta de Pessoas	START	1727225360625
USER	Busca Válida de Pessoas	START	1727225360720
USER	Busca Inválida de Pessoas	START	1727225360721
REQUEST		busca inválida	1727225360720	1727225360730	OK	 
USER	Busca Inválida de Pessoas	END	1727225360731
USER	Criação E Talvez Consulta de Pessoas	START	1727225360858
USER	Criação E Talvez Consulta de Pessoas	START	1727225360999
REQUEST		criação	1727225360999	1727225361024	OK	 
USER	Busca Válida de Pessoas	START	1727225361233
USER	Busca Inválida de Pessoas	START	1727225361234
REQUEST		busca inválida	1727225361233	1727225361283	OK	 
USER	Busca Inválida de Pessoas	END	1727225361283
REQUEST		busca válida	1727225361234	1727225361285	OK	 
USER	Busca Válida de Pessoas	END	1727225361285
USER	Criação E Talvez Consulta de Pessoas	START	1727225361373
USER	Criação E Talvez Consulta de Pessoas	START	1727225361511
USER	Busca Válida de Pessoas	START	1727225361729
USER	Busca Inválida de Pessoas	START	1727225361730
REQUEST		busca inválida	1727225361730	1727225361746	OK	 
USER	Busca Inválida de Pessoas	END	1727225361747
REQUEST		busca válida	1727225361730	1727225361747	OK	 
USER	Busca Válida de Pessoas	END	1727225361748
USER	Criação E Talvez Consulta de Pessoas	START	1727225362150
USER	Busca Válida de Pessoas	START	1727225362228
USER	Busca Inválida de Pessoas	START	1727225362229
REQUEST		busca inválida	1727225362228	1727225362262	OK	 
USER	Busca Inválida de Pessoas	END	1727225362262
REQUEST		busca válida	1727225362229	1727225362263	OK	 
USER	Busca Válida de Pessoas	END	1727225362263
USER	Criação E Talvez Consulta de Pessoas	START	1727225362475
USER	Criação E Talvez Consulta de Pessoas	START	1727225362490
USER	Criação E Talvez Consulta de Pessoas	START	1727225362521
REQUEST		criação	1727225362521	1727225362572	OK	 
USER	Criação E Talvez Consulta de Pessoas	START	1727225362722
USER	Busca Válida de Pessoas	START	1727225362722
USER	Busca Inválida de Pessoas	START	1727225362723
REQUEST		busca inválida	1727225362722	1727225362771	OK	 
USER	Busca Inválida de Pessoas	END	1727225362771
REQUEST		busca válida	1727225362723	1727225362772	OK	 
USER	Busca Válida de Pessoas	END	1727225362772
USER	Criação E Talvez Consulta de Pessoas	START	1727225362815
USER	Busca Inválida de Pessoas	START	1727225363221
USER	Busca Válida de Pessoas	START	1727225363235
USER	Criação E Talvez Consulta de Pessoas	END	1727225363284
REQUEST		busca inválida	1727225363220	1727225363294	OK	 
USER	Busca Inválida de Pessoas	END	1727225363294
REQUEST		busca válida	1727225363236	1727225363296	OK	 
USER	Busca Válida de Pessoas	END	1727225363296
USER	Criação E Talvez Consulta de Pessoas	START	1727225363344
USER	Criação E Talvez Consulta de Pessoas	START	1727225363344
USER	Criação E Talvez Consulta de Pessoas	START	1727225363361
REQUEST		busca válida	1727225360722	1727225363478	OK	 
REQUEST		criação	1727225360377	1727225363478	OK	 
USER	Busca Válida de Pessoas	END	1727225363479
USER	Criação E Talvez Consulta de Pessoas	START	1727225363548
REQUEST		criação	1727225363549	1727225363570	OK	 
USER	Busca Inválida de Pessoas	START	1727225363719
USER	Busca Válida de Pessoas	START	1727225363735
USER	Criação E Talvez Consulta de Pessoas	START	1727225363750
REQUEST		busca inválida	1727225363719	1727225363776	OK	 
REQUEST		busca válida	1727225363736	1727225363776	OK	 
USER	Busca Inválida de Pessoas	END	1727225363777
USER	Busca Válida de Pessoas	END	1727225363777
USER	Criação E Talvez Consulta de Pessoas	START	1727225363797
USER	Criação E Talvez Consulta de Pessoas	START	1727225363842
USER	Criação E Talvez Consulta de Pessoas	START	1727225363842
USER	Criação E Talvez Consulta de Pessoas	START	1727225363920
USER	Criação E Talvez Consulta de Pessoas	START	1727225363920
USER	Criação E Talvez Consulta de Pessoas	START	1727225364011
USER	Busca Válida de Pessoas	START	1727225364230
USER	Busca Inválida de Pessoas	START	1727225364231
REQUEST		busca inválida	1727225364230	1727225364246	OK	 
USER	Busca Inválida de Pessoas	END	1727225364247
REQUEST		busca válida	1727225364231	1727225364252	OK	 
USER	Busca Válida de Pessoas	END	1727225364252
USER	Criação E Talvez Consulta de Pessoas	START	1727225364261
USER	Criação E Talvez Consulta de Pessoas	START	1727225364309
USER	Criação E Talvez Consulta de Pessoas	START	1727225364402
USER	Criação E Talvez Consulta de Pessoas	START	1727225364527
REQUEST		criação	1727225364527	1727225364609	OK	 
USER	Criação E Talvez Consulta de Pessoas	END	1727225364668
USER	Busca Válida de Pessoas	START	1727225364729
USER	Busca Inválida de Pessoas	START	1727225364729
REQUEST		busca inválida	1727225364729	1727225364743	OK	 
USER	Busca Inválida de Pessoas	END	1727225364744
REQUEST		busca válida	1727225364729	1727225364745	OK	 
USER	Busca Válida de Pessoas	END	1727225364745
USER	Criação E Talvez Consulta de Pessoas	START	1727225364805
USER	Criação E Talvez Consulta de Pessoas	START	1727225364882
USER	Criação E Talvez Consulta de Pessoas	START	1727225364897
USER	Criação E Talvez Consulta de Pessoas	START	1727225365038
USER	Busca Válida de Pessoas	START	1727225365226
USER	Busca Inválida de Pessoas	START	1727225365227
REQUEST		busca inválida	1727225365226	1727225365276	OK	 
USER	Busca Inválida de Pessoas	END	1727225365277
REQUEST		busca válida	1727225365227	1727225365278	OK	 
USER	Busca Válida de Pessoas	END	1727225365279
USER	Criação E Talvez Consulta de Pessoas	START	1727225365488
USER	Criação E Talvez Consulta de Pessoas	START	1727225365504
USER	Criação E Talvez Consulta de Pessoas	START	1727225365504
REQUEST		criação	1727225365489	1727225365505	OK	 
USER	Busca Válida de Pessoas	START	1727225365739
USER	Busca Inválida de Pessoas	START	1727225365740
REQUEST		busca inválida	1727225365739	1727225365772	OK	 
USER	Busca Inválida de Pessoas	END	1727225365773
REQUEST		busca válida	1727225365739	1727225365776	OK	 
USER	Busca Válida de Pessoas	END	1727225365776
USER	Criação E Talvez Consulta de Pessoas	START	1727225366063
REQUEST		criação	1727225366063	1727225366079	OK	 
USER	Busca Válida de Pessoas	START	1727225366219
USER	Criação E Talvez Consulta de Pessoas	END	1727225366219
USER	Busca Inválida de Pessoas	START	1727225366219
REQUEST		busca inválida	1727225366219	1727225366232	OK	 
USER	Busca Inválida de Pessoas	END	1727225366232
REQUEST		busca válida	1727225366219	1727225366237	OK	 
USER	Busca Válida de Pessoas	END	1727225366238
USER	Criação E Talvez Consulta de Pessoas	START	1727225366530
REQUEST		criação	1727225366530	1727225366661	OK	 
USER	Busca Válida de Pessoas	START	1727225366733
USER	Busca Inválida de Pessoas	START	1727225366733
REQUEST		busca inválida	1727225366733	1727225366747	OK	 
USER	Busca Inválida de Pessoas	END	1727225366747
REQUEST		busca válida	1727225366733	1727225366754	OK	 
USER	Busca Válida de Pessoas	END	1727225366754
USER	Criação E Talvez Consulta de Pessoas	START	1727225366872
USER	Criação E Talvez Consulta de Pessoas	START	1727225366933
USER	Criação E Talvez Consulta de Pessoas	START	1727225367042
USER	Busca Válida de Pessoas	START	1727225367230
USER	Busca Inválida de Pessoas	START	1727225367231
USER	Criação E Talvez Consulta de Pessoas	END	1727225367231
REQUEST		busca inválida	1727225367230	1727225367275	OK	 
USER	Busca Inválida de Pessoas	END	1727225367275
REQUEST		busca válida	1727225367231	1727225367281	OK	 
USER	Busca Válida de Pessoas	END	1727225367282
USER	Criação E Talvez Consulta de Pessoas	START	1727225367539
REQUEST		criação	1727225367540	1727225367575	OK	 
USER	Criação E Talvez Consulta de Pessoas	START	1727225367661
USER	Criação E Talvez Consulta de Pessoas	START	1727225367677
USER	Busca Válida de Pessoas	START	1727225367724
USER	Busca Inválida de Pessoas	START	1727225367725
REQUEST		busca inválida	1727225367724	1727225367739	OK	 
USER	Busca Inválida de Pessoas	END	1727225367739
REQUEST		busca válida	1727225367725	1727225367745	OK	 
USER	Busca Válida de Pessoas	END	1727225367745
USER	Criação E Talvez Consulta de Pessoas	START	1727225367756
USER	Criação E Talvez Consulta de Pessoas	START	1727225367756
USER	Criação E Talvez Consulta de Pessoas	START	1727225367866
USER	Criação E Talvez Consulta de Pessoas	START	1727225368099
USER	Criação E Talvez Consulta de Pessoas	START	1727225368115
REQUEST		criação	1727225368115	1727225368124	OK	 
USER	Busca Válida de Pessoas	START	1727225368224
USER	Busca Inválida de Pessoas	START	1727225368225
REQUEST		busca inválida	1727225368224	1727225368306	OK	 
REQUEST		busca válida	1727225368225	1727225368306	OK	 
USER	Busca Válida de Pessoas	END	1727225368307
USER	Busca Inválida de Pessoas	END	1727225368307
USER	Criação E Talvez Consulta de Pessoas	START	1727225368377
USER	Criação E Talvez Consulta de Pessoas	START	1727225368407
USER	Criação E Talvez Consulta de Pessoas	START	1727225368485
USER	Criação E Talvez Consulta de Pessoas	START	1727225368608
USER	Busca Válida de Pessoas	START	1727225368732
USER	Busca Inválida de Pessoas	START	1727225368733
REQUEST		busca inválida	1727225368733	1727225368774	OK	 
USER	Busca Inválida de Pessoas	END	1727225368774
REQUEST		busca válida	1727225368733	1727225368775	OK	 
USER	Busca Válida de Pessoas	END	1727225368775
USER	Criação E Talvez Consulta de Pessoas	START	1727225369089
USER	Criação E Talvez Consulta de Pessoas	END	1727225369199
USER	Busca Válida de Pessoas	START	1727225369230
USER	Busca Inválida de Pessoas	START	1727225369231
REQUEST		busca inválida	1727225369230	1727225369238	OK	 
USER	Busca Inválida de Pessoas	END	1727225369239
REQUEST		busca válida	1727225369230	1727225369240	OK	 
USER	Busca Válida de Pessoas	END	1727225369240
USER	Criação E Talvez Consulta de Pessoas	START	1727225369261
REQUEST		criação	1727225369261	1727225369284	OK	 
USER	Criação E Talvez Consulta de Pessoas	START	1727225369291
REQUEST		criação	1727225369292	1727225369306	OK	 
USER	Criação E Talvez Consulta de Pessoas	START	1727225369307
USER	Busca Válida de Pessoas	START	1727225369727
USER	Busca Inválida de Pessoas	START	1727225369727
REQUEST		busca inválida	1727225369727	1727225369773	OK	 
USER	Busca Inválida de Pessoas	END	1727225369774
REQUEST		busca válida	1727225369727	1727225369778	OK	 
USER	Busca Válida de Pessoas	END	1727225369778
USER	Criação E Talvez Consulta de Pessoas	START	1727225369803
USER	Criação E Talvez Consulta de Pessoas	START	1727225370206
USER	Busca Válida de Pessoas	START	1727225370222
USER	Busca Inválida de Pessoas	START	1727225370223
USER	Criação E Talvez Consulta de Pessoas	START	1727225370253
REQUEST		busca válida	1727225370222	1727225370276	OK	 
USER	Busca Válida de Pessoas	END	1727225370277
REQUEST		busca inválida	1727225370222	1727225370283	OK	 
USER	Busca Inválida de Pessoas	END	1727225370283
USER	Criação E Talvez Consulta de Pessoas	START	1727225370299
USER	Criação E Talvez Consulta de Pessoas	START	1727225370406
REQUEST		criação	1727225370406	1727225370423	OK	 
USER	Criação E Talvez Consulta de Pessoas	START	1727225370499
USER	Criação E Talvez Consulta de Pessoas	START	1727225370561
USER	Criação E Talvez Consulta de Pessoas	START	1727225370561
USER	Criação E Talvez Consulta de Pessoas	START	1727225370607
USER	Criação E Talvez Consulta de Pessoas	END	1727225370608
USER	Criação E Talvez Consulta de Pessoas	START	1727225370716
USER	Criação E Talvez Consulta de Pessoas	START	1727225370731
USER	Busca Válida de Pessoas	START	1727225370731
USER	Busca Inválida de Pessoas	START	1727225370732
REQUEST		busca inválida	1727225370732	1727225370759	OK	 
USER	Busca Inválida de Pessoas	END	1727225370759
REQUEST		busca válida	1727225370732	1727225370786	OK	 
USER	Busca Válida de Pessoas	END	1727225370786
USER	Criação E Talvez Consulta de Pessoas	START	1727225370871
REQUEST		criação	1727225370872	1727225370886	OK	 
USER	Busca Válida de Pessoas	START	1727225370886
USER	Busca Inválida de Pessoas	START	1727225370887
REQUEST		busca inválida	1727225370886	1727225370899	OK	 
USER	Busca Inválida de Pessoas	END	1727225370899
REQUEST		busca válida	1727225370886	1727225370904	OK	 
USER	Busca Válida de Pessoas	END	1727225370904
USER	Criação E Talvez Consulta de Pessoas	START	1727225371009
USER	Busca Válida de Pessoas	START	1727225371056
USER	Busca Inválida de Pessoas	START	1727225371057
REQUEST		busca inválida	1727225371056	1727225371071	OK	 
USER	Busca Inválida de Pessoas	END	1727225371072
REQUEST		busca válida	1727225371056	1727225371074	OK	 
USER	Busca Válida de Pessoas	END	1727225371075
USER	Criação E Talvez Consulta de Pessoas	END	1727225371102
USER	Criação E Talvez Consulta de Pessoas	START	1727225371149
USER	Busca Válida de Pessoas	START	1727225371228
USER	Busca Inválida de Pessoas	START	1727225371228
REQUEST		busca inválida	1727225371228	1727225371242	OK	 
USER	Busca Inválida de Pessoas	END	1727225371242
REQUEST		busca válida	1727225371228	1727225371245	OK	 
USER	Busca Válida de Pessoas	END	1727225371246
USER	Criação E Talvez Consulta de Pessoas	START	1727225371290
USER	Busca Válida de Pessoas	START	1727225371399
USER	Busca Inválida de Pessoas	START	1727225371400
REQUEST		busca inválida	1727225371400	1727225371414	OK	 
USER	Busca Inválida de Pessoas	END	1727225371415
REQUEST		busca válida	1727225371400	1727225371416	OK	 
USER	Busca Válida de Pessoas	END	1727225371416
USER	Criação E Talvez Consulta de Pessoas	START	1727225371446
USER	Busca Válida de Pessoas	START	1727225371554
USER	Busca Inválida de Pessoas	START	1727225371555
USER	Criação E Talvez Consulta de Pessoas	START	1727225371585
REQUEST		busca inválida	1727225371555	1727225371677	OK	 
USER	Busca Inválida de Pessoas	END	1727225371678
REQUEST		busca válida	1727225371555	1727225371679	OK	 
USER	Busca Válida de Pessoas	END	1727225371679
USER	Criação E Talvez Consulta de Pessoas	START	1727225371740
USER	Busca Válida de Pessoas	START	1727225371741
USER	Busca Inválida de Pessoas	START	1727225371741
REQUEST		busca inválida	1727225371741	1727225371750	OK	 
USER	Busca Inválida de Pessoas	END	1727225371751
REQUEST		busca válida	1727225371741	1727225371786	OK	 
USER	Busca Válida de Pessoas	END	1727225371786
USER	Criação E Talvez Consulta de Pessoas	START	1727225371818
USER	Busca Válida de Pessoas	START	1727225371864
REQUEST		busca válida	1727225371864	1727225371873	OK	 
USER	Busca Válida de Pessoas	END	1727225371874
USER	Criação E Talvez Consulta de Pessoas	END	1727225371880
USER	Busca Inválida de Pessoas	START	1727225371896
REQUEST		busca inválida	1727225371896	1727225371907	OK	 
USER	Busca Inválida de Pessoas	END	1727225371907
USER	Criação E Talvez Consulta de Pessoas	START	1727225371911
USER	Criação E Talvez Consulta de Pessoas	START	1727225372005
USER	Busca Válida de Pessoas	START	1727225372005
REQUEST		criação	1727225372005	1727225372021	OK	 
REQUEST		busca válida	1727225372005	1727225372022	OK	 
USER	Busca Válida de Pessoas	END	1727225372023
USER	Busca Inválida de Pessoas	START	1727225372066
REQUEST		busca inválida	1727225372066	1727225372078	OK	 
USER	Busca Inválida de Pessoas	END	1727225372078
USER	Criação E Talvez Consulta de Pessoas	START	1727225372082
USER	Busca Válida de Pessoas	START	1727225372159
USER	Criação E Talvez Consulta de Pessoas	START	1727225372175
REQUEST		busca válida	1727225372160	1727225372178	OK	 
USER	Busca Válida de Pessoas	END	1727225372179
USER	Busca Inválida de Pessoas	START	1727225372222
REQUEST		busca inválida	1727225372222	1727225372235	OK	 
USER	Busca Inválida de Pessoas	END	1727225372235
USER	Criação E Talvez Consulta de Pessoas	START	1727225372268
REQUEST		criação	1727225372268	1727225372282	OK	 
USER	Busca Válida de Pessoas	START	1727225372299
REQUEST		busca válida	1727225372300	1727225372312	OK	 
USER	Busca Válida de Pessoas	END	1727225372312
USER	Criação E Talvez Consulta de Pessoas	START	1727225372360
USER	Busca Inválida de Pessoas	START	1727225372391
REQUEST		busca inválida	1727225372391	1727225372403	OK	 
USER	Busca Inválida de Pessoas	END	1727225372403
USER	Busca Válida de Pessoas	START	1727225372437
USER	Criação E Talvez Consulta de Pessoas	START	1727225372453
REQUEST		busca válida	1727225372438	1727225372454	OK	 
USER	Busca Válida de Pessoas	END	1727225372454
USER	Criação E Talvez Consulta de Pessoas	START	1727225372547
USER	Busca Inválida de Pessoas	START	1727225372562
REQUEST		busca inválida	1727225372562	1727225372573	OK	 
USER	Busca Inválida de Pessoas	END	1727225372574
USER	Busca Válida de Pessoas	START	1727225372576
REQUEST		busca válida	1727225372577	1727225372591	OK	 
USER	Busca Válida de Pessoas	END	1727225372591
USER	Criação E Talvez Consulta de Pessoas	START	1727225372637
USER	Criação E Talvez Consulta de Pessoas	START	1727225372731
USER	Busca Válida de Pessoas	START	1727225372731
USER	Busca Inválida de Pessoas	START	1727225372731
REQUEST		busca inválida	1727225372731	1727225372749	OK	 
USER	Busca Inválida de Pessoas	END	1727225372749
REQUEST		busca válida	1727225372731	1727225372756	OK	 
USER	Busca Válida de Pessoas	END	1727225372756
USER	Criação E Talvez Consulta de Pessoas	START	1727225372793
USER	Busca Válida de Pessoas	START	1727225372871
USER	Criação E Talvez Consulta de Pessoas	START	1727225372871
REQUEST		busca válida	1727225372872	1727225372886	OK	 
USER	Busca Válida de Pessoas	END	1727225372886
USER	Busca Inválida de Pessoas	START	1727225372887
REQUEST		busca inválida	1727225372887	1727225372894	OK	 
USER	Busca Inválida de Pessoas	END	1727225372895
USER	Criação E Talvez Consulta de Pessoas	START	1727225372947
USER	Busca Válida de Pessoas	START	1727225373009
USER	Criação E Talvez Consulta de Pessoas	START	1727225373009
REQUEST		busca válida	1727225373010	1727225373027	OK	 
USER	Busca Válida de Pessoas	END	1727225373027
USER	Busca Inválida de Pessoas	START	1727225373057
USER	Criação E Talvez Consulta de Pessoas	START	1727225373088
REQUEST		busca inválida	1727225373057	1727225373121	OK	 
USER	Busca Inválida de Pessoas	END	1727225373122
USER	Criação E Talvez Consulta de Pessoas	START	1727225373149
USER	Busca Válida de Pessoas	START	1727225373149
REQUEST		busca válida	1727225373150	1727225373192	OK	 
USER	Busca Válida de Pessoas	END	1727225373192
USER	Criação E Talvez Consulta de Pessoas	START	1727225373227
USER	Busca Inválida de Pessoas	START	1727225373228
USER	Criação E Talvez Consulta de Pessoas	START	1727225373304
USER	Busca Válida de Pessoas	START	1727225373304
REQUEST		busca inválida	1727225373227	1727225373326	OK	 
USER	Busca Inválida de Pessoas	END	1727225373328
USER	Criação E Talvez Consulta de Pessoas	END	1727225373336
REQUEST		busca válida	1727225373305	1727225373340	OK	 
USER	Busca Válida de Pessoas	END	1727225373340
USER	Criação E Talvez Consulta de Pessoas	START	1727225373367
REQUEST		criação	1727225373368	1727225373392	OK	 
USER	Busca Inválida de Pessoas	START	1727225373398
USER	Criação E Talvez Consulta de Pessoas	START	1727225373444
USER	Busca Válida de Pessoas	START	1727225373444
USER	Criação E Talvez Consulta de Pessoas	START	1727225373507
REQUEST		busca válida	1727225373445	1727225373546	OK	 
REQUEST		busca inválida	1727225373398	1727225373546	OK	 
USER	Busca Inválida de Pessoas	END	1727225373547
USER	Busca Válida de Pessoas	END	1727225373547
USER	Busca Inválida de Pessoas	START	1727225373554
USER	Busca Válida de Pessoas	START	1727225373584
USER	Criação E Talvez Consulta de Pessoas	START	1727225373584
REQUEST		busca inválida	1727225373554	1727225373586	OK	 
USER	Busca Inválida de Pessoas	END	1727225373586
REQUEST		busca válida	1727225373585	1727225373602	OK	 
USER	Busca Válida de Pessoas	END	1727225373602
USER	Criação E Talvez Consulta de Pessoas	START	1727225373661
REQUEST		criação	1727225373662	1727225373690	OK	 
USER	Criação E Talvez Consulta de Pessoas	START	1727225373741
USER	Busca Válida de Pessoas	START	1727225373741
USER	Busca Inválida de Pessoas	START	1727225373742
REQUEST		busca inválida	1727225373742	1727225373771	OK	 
USER	Busca Inválida de Pessoas	END	1727225373771
REQUEST		busca válida	1727225373742	1727225373778	OK	 
USER	Busca Válida de Pessoas	END	1727225373778
USER	Criação E Talvez Consulta de Pessoas	START	1727225373785
REQUEST		criação	1727225373785	1727225373799	OK	 
USER	Criação E Talvez Consulta de Pessoas	START	1727225373831
USER	Busca Válida de Pessoas	START	1727225373846
REQUEST		busca válida	1727225373846	1727225373861	OK	 
USER	Busca Válida de Pessoas	END	1727225373861
USER	Busca Inválida de Pessoas	START	1727225373861
REQUEST		busca inválida	1727225373861	1727225373886	OK	 
USER	Busca Inválida de Pessoas	END	1727225373887
USER	Criação E Talvez Consulta de Pessoas	START	1727225373891
USER	Criação E Talvez Consulta de Pessoas	START	1727225373954
USER	Busca Válida de Pessoas	START	1727225373969
REQUEST		criação	1727225373954	1727225373996	OK	 
USER	Criação E Talvez Consulta de Pessoas	START	1727225373999
REQUEST		busca válida	1727225373969	1727225374001	OK	 
USER	Busca Válida de Pessoas	END	1727225374001
USER	Busca Inválida de Pessoas	START	1727225374015
REQUEST		busca inválida	1727225374015	1727225374028	OK	 
USER	Busca Inválida de Pessoas	END	1727225374028
USER	Criação E Talvez Consulta de Pessoas	START	1727225374061
USER	Busca Válida de Pessoas	START	1727225374107
USER	Criação E Talvez Consulta de Pessoas	START	1727225374107
REQUEST		busca válida	1727225374108	1727225374123	OK	 
USER	Busca Válida de Pessoas	END	1727225374124
USER	Busca Inválida de Pessoas	START	1727225374154
USER	Criação E Talvez Consulta de Pessoas	START	1727225374170
REQUEST		busca inválida	1727225374154	1727225374214	OK	 
USER	Busca Inválida de Pessoas	END	1727225374215
USER	Busca Válida de Pessoas	START	1727225374233
USER	Criação E Talvez Consulta de Pessoas	START	1727225374233
USER	Criação E Talvez Consulta de Pessoas	START	1727225374279
USER	Busca Inválida de Pessoas	START	1727225374295
REQUEST		busca válida	1727225374234	1727225374299	OK	 
USER	Busca Válida de Pessoas	END	1727225374300
USER	Criação E Talvez Consulta de Pessoas	START	1727225374340
USER	Busca Válida de Pessoas	START	1727225374356
USER	Criação E Talvez Consulta de Pessoas	START	1727225374387
REQUEST		busca inválida	1727225374295	1727225374395	OK	 
REQUEST		criação	1727225374341	1727225374395	OK	 
USER	Busca Inválida de Pessoas	END	1727225374395
USER	Busca Inválida de Pessoas	START	1727225374434
USER	Criação E Talvez Consulta de Pessoas	START	1727225374449
USER	Busca Válida de Pessoas	START	1727225374479
REQUEST		busca inválida	1727225374434	1727225374492	OK	 
USER	Busca Inválida de Pessoas	END	1727225374492
REQUEST		busca válida	1727225374356	1727225374500	OK	 
REQUEST		busca válida	1727225374480	1727225374500	OK	 
USER	Busca Válida de Pessoas	END	1727225374501
USER	Busca Válida de Pessoas	END	1727225374501
USER	Criação E Talvez Consulta de Pessoas	START	1727225374510
USER	Criação E Talvez Consulta de Pessoas	START	1727225374556
USER	Busca Inválida de Pessoas	START	1727225374587
REQUEST		criação	1727225374510	1727225374590	OK	 
REQUEST		criação	1727225374556	1727225374595	OK	 
USER	Busca Válida de Pessoas	START	1727225374602
USER	Criação E Talvez Consulta de Pessoas	START	1727225374617
USER	Criação E Talvez Consulta de Pessoas	START	1727225374663
REQUEST		busca inválida	1727225374587	1727225374688	OK	 
USER	Busca Inválida de Pessoas	END	1727225374688
REQUEST		criação	1727225374664	1727225374693	OK	 
REQUEST		busca válida	1727225374603	1727225374695	OK	 
USER	Busca Válida de Pessoas	END	1727225374695
USER	Criação E Talvez Consulta de Pessoas	START	1727225374724
USER	Busca Válida de Pessoas	START	1727225374724
USER	Busca Inválida de Pessoas	START	1727225374725
USER	Criação E Talvez Consulta de Pessoas	START	1727225374771
REQUEST		busca inválida	1727225374724	1727225374792	OK	 
USER	Busca Inválida de Pessoas	END	1727225374792
USER	Criação E Talvez Consulta de Pessoas	START	1727225374816
USER	Busca Válida de Pessoas	START	1727225374847
USER	Criação E Talvez Consulta de Pessoas	START	1727225374863
USER	Busca Inválida de Pessoas	START	1727225374863
REQUEST		busca válida	1727225374725	1727225374889	OK	 
USER	Busca Válida de Pessoas	END	1727225374889
REQUEST		busca inválida	1727225374863	1727225374897	OK	 
USER	Busca Inválida de Pessoas	END	1727225374898
USER	Criação E Talvez Consulta de Pessoas	START	1727225374909
USER	Busca Válida de Pessoas	START	1727225374970
USER	Criação E Talvez Consulta de Pessoas	START	1727225374970
REQUEST		busca válida	1727225374847	1727225374985	OK	 
USER	Busca Válida de Pessoas	END	1727225374986
REQUEST		busca válida	1727225374970	1727225375000	OK	 
USER	Busca Válida de Pessoas	END	1727225375000
USER	Criação E Talvez Consulta de Pessoas	START	1727225375015
USER	Busca Inválida de Pessoas	START	1727225375015
USER	Criação E Talvez Consulta de Pessoas	START	1727225375062
USER	Busca Válida de Pessoas	START	1727225375095
REQUEST		busca inválida	1727225375015	1727225375096	OK	 
REQUEST		criação	1727225375015	1727225375096	OK	 
USER	Busca Inválida de Pessoas	END	1727225375097
USER	Criação E Talvez Consulta de Pessoas	START	1727225375110
USER	Criação E Talvez Consulta de Pessoas	END	1727225375127
USER	Criação E Talvez Consulta de Pessoas	START	1727225375157
USER	Busca Inválida de Pessoas	START	1727225375158
REQUEST		busca inválida	1727225375157	1727225375196	OK	 
USER	Busca Inválida de Pessoas	END	1727225375196
USER	Criação E Talvez Consulta de Pessoas	START	1727225375202
USER	Busca Válida de Pessoas	START	1727225375234
USER	Criação E Talvez Consulta de Pessoas	START	1727225375249
REQUEST		busca válida	1727225375095	1727225375289	OK	 
USER	Busca Válida de Pessoas	END	1727225375290
USER	Criação E Talvez Consulta de Pessoas	START	1727225375296
USER	Busca Inválida de Pessoas	START	1727225375298
REQUEST		criação	1727225375249	1727225375298	OK	 
REQUEST		busca válida	1727225375235	1727225375299	OK	 
USER	Busca Válida de Pessoas	END	1727225375300
USER	Criação E Talvez Consulta de Pessoas	START	1727225375342
USER	Busca Válida de Pessoas	START	1727225375357
USER	Criação E Talvez Consulta de Pessoas	START	1727225375387
REQUEST		busca inválida	1727225375297	1727225375389	OK	 
USER	Busca Inválida de Pessoas	END	1727225375390
REQUEST		busca válida	1727225375358	1727225375401	OK	 
USER	Busca Válida de Pessoas	END	1727225375401
USER	Criação E Talvez Consulta de Pessoas	START	1727225375434
USER	Busca Inválida de Pessoas	START	1727225375434
USER	Busca Válida de Pessoas	START	1727225375481
USER	Criação E Talvez Consulta de Pessoas	START	1727225375482
REQUEST		busca inválida	1727225375434	1727225375486	OK	 
USER	Busca Inválida de Pessoas	END	1727225375487
REQUEST		busca válida	1727225375483	1727225375495	OK	 
USER	Busca Válida de Pessoas	END	1727225375496
USER	Criação E Talvez Consulta de Pessoas	START	1727225375529
USER	Criação E Talvez Consulta de Pessoas	START	1727225375575
REQUEST		criação	1727225375576	1727225375590	OK	 
USER	Busca Inválida de Pessoas	START	1727225375592
REQUEST		busca inválida	1727225375591	1727225375603	OK	 
USER	Busca Inválida de Pessoas	END	1727225375604
USER	Busca Válida de Pessoas	START	1727225375606
REQUEST		busca válida	1727225375607	1727225375621	OK	 
USER	Busca Válida de Pessoas	END	1727225375622
USER	Criação E Talvez Consulta de Pessoas	START	1727225375635
USER	Criação E Talvez Consulta de Pessoas	START	1727225375682
REQUEST		criação	1727225375636	1727225375693	OK	 
USER	Criação E Talvez Consulta de Pessoas	START	1727225375732
USER	Busca Válida de Pessoas	START	1727225375732
USER	Busca Inválida de Pessoas	START	1727225375733
REQUEST		busca inválida	1727225375733	1727225375746	OK	 
USER	Busca Inválida de Pessoas	END	1727225375746
USER	Criação E Talvez Consulta de Pessoas	START	1727225375773
REQUEST		busca válida	1727225375732	1727225375790	OK	 
USER	Busca Válida de Pessoas	END	1727225375790
USER	Criação E Talvez Consulta de Pessoas	START	1727225375804
USER	Busca Válida de Pessoas	START	1727225375835
USER	Criação E Talvez Consulta de Pessoas	START	1727225375851
USER	Busca Inválida de Pessoas	START	1727225375866
REQUEST		busca inválida	1727225375866	1727225375894	OK	 
USER	Busca Inválida de Pessoas	END	1727225375894
USER	Criação E Talvez Consulta de Pessoas	START	1727225375897
USER	Criação E Talvez Consulta de Pessoas	START	1727225375928
USER	Busca Válida de Pessoas	START	1727225375943
USER	Criação E Talvez Consulta de Pessoas	START	1727225375974
REQUEST		busca válida	1727225375836	1727225375986	OK	 
USER	Busca Válida de Pessoas	END	1727225375986
REQUEST		busca válida	1727225375943	1727225375998	OK	 
USER	Busca Válida de Pessoas	END	1727225375998
USER	Busca Inválida de Pessoas	START	1727225376005
USER	Criação E Talvez Consulta de Pessoas	START	1727225376020
USER	Busca Válida de Pessoas	START	1727225376065
USER	Criação E Talvez Consulta de Pessoas	START	1727225376065
REQUEST		busca inválida	1727225376005	1727225376086	OK	 
USER	Busca Inválida de Pessoas	END	1727225376086
REQUEST		criação	1727225376020	1727225376092	OK	 
USER	Criação E Talvez Consulta de Pessoas	START	1727225376097
REQUEST		busca válida	1727225376065	1727225376098	OK	 
USER	Busca Válida de Pessoas	END	1727225376098
USER	Criação E Talvez Consulta de Pessoas	START	1727225376143
USER	Busca Inválida de Pessoas	START	1727225376159
USER	Busca Válida de Pessoas	START	1727225376173
USER	Criação E Talvez Consulta de Pessoas	START	1727225376188
REQUEST		busca inválida	1727225376159	1727225376195	OK	 
USER	Busca Inválida de Pessoas	END	1727225376196
REQUEST		busca válida	1727225376173	1727225376199	OK	 
USER	Busca Válida de Pessoas	END	1727225376200
USER	Criação E Talvez Consulta de Pessoas	START	1727225376220
USER	Criação E Talvez Consulta de Pessoas	START	1727225376267
USER	Busca Válida de Pessoas	START	1727225376283
USER	Busca Inválida de Pessoas	START	1727225376299
REQUEST		busca válida	1727225376283	1727225376300	OK	 
USER	Busca Válida de Pessoas	END	1727225376301
REQUEST		busca inválida	1727225376299	1727225376310	OK	 
USER	Busca Inválida de Pessoas	END	1727225376310
USER	Criação E Talvez Consulta de Pessoas	START	1727225376314
USER	Criação E Talvez Consulta de Pessoas	START	1727225376346
USER	Criação E Talvez Consulta de Pessoas	START	1727225376392
USER	Busca Válida de Pessoas	START	1727225376392
REQUEST		criação	1727225376346	1727225376396	OK	 
USER	Criação E Talvez Consulta de Pessoas	START	1727225376438
USER	Busca Inválida de Pessoas	START	1727225376439
USER	Criação E Talvez Consulta de Pessoas	START	1727225376469
REQUEST		busca inválida	1727225376439	1727225376492	OK	 
USER	Busca Inválida de Pessoas	END	1727225376492
USER	Busca Válida de Pessoas	START	1727225376499
USER	Criação E Talvez Consulta de Pessoas	START	1727225376515
USER	Criação E Talvez Consulta de Pessoas	START	1727225376561
USER	Busca Inválida de Pessoas	START	1727225376576
REQUEST		criação	1727225376469	1727225376587	OK	 
REQUEST		busca válida	1727225376392	1727225376589	OK	 
USER	Busca Válida de Pessoas	END	1727225376589
USER	Criação E Talvez Consulta de Pessoas	START	1727225376607
USER	Busca Válida de Pessoas	START	1727225376622
USER	Criação E Talvez Consulta de Pessoas	START	1727225376638
USER	Criação E Talvez Consulta de Pessoas	START	1727225376684
REQUEST		criação	1727225376516	1727225376688	OK	 
REQUEST		busca inválida	1727225376576	1727225376692	OK	 
USER	Busca Inválida de Pessoas	END	1727225376692
REQUEST		busca válida	1727225376500	1727225376693	OK	 
USER	Busca Válida de Pessoas	END	1727225376694
USER	Criação E Talvez Consulta de Pessoas	START	1727225376731
USER	Busca Válida de Pessoas	START	1727225376731
USER	Busca Inválida de Pessoas	START	1727225376734
USER	Criação E Talvez Consulta de Pessoas	START	1727225376761
REQUEST		busca válida	1727225376622	1727225376793	OK	 
USER	Criação E Talvez Consulta de Pessoas	START	1727225376793
USER	Busca Válida de Pessoas	END	1727225376793
REQUEST		busca inválida	1727225376731	1727225376797	OK	 
USER	Busca Inválida de Pessoas	END	1727225376797
USER	Criação E Talvez Consulta de Pessoas	START	1727225376838
USER	Busca Válida de Pessoas	START	1727225376838
USER	Criação E Talvez Consulta de Pessoas	END	1727225376838
USER	Criação E Talvez Consulta de Pessoas	START	1727225376868
USER	Busca Inválida de Pessoas	START	1727225376868
REQUEST		busca válida	1727225376732	1727225376891	OK	 
USER	Busca Válida de Pessoas	END	1727225376891
REQUEST		criação	1727225376793	1727225376895	OK	 
USER	Criação E Talvez Consulta de Pessoas	START	1727225376914
USER	Busca Válida de Pessoas	START	1727225376944
USER	Criação E Talvez Consulta de Pessoas	START	1727225376944
REQUEST		busca inválida	1727225376868	1727225376987	OK	 
USER	Busca Inválida de Pessoas	END	1727225376987
REQUEST		busca válida	1727225376838	1727225376988	OK	 
USER	Busca Válida de Pessoas	END	1727225376988
USER	Criação E Talvez Consulta de Pessoas	START	1727225376989
REQUEST		busca válida	1727225376944	1727225376991	OK	 
USER	Busca Válida de Pessoas	END	1727225376992
USER	Busca Inválida de Pessoas	START	1727225377004
REQUEST		busca inválida	1727225377004	1727225377011	OK	 
USER	Busca Inválida de Pessoas	END	1727225377011
USER	Criação E Talvez Consulta de Pessoas	START	1727225377019
USER	Busca Válida de Pessoas	START	1727225377066
USER	Criação E Talvez Consulta de Pessoas	START	1727225377066
REQUEST		busca válida	1727225377066	1727225377093	OK	 
USER	Busca Válida de Pessoas	END	1727225377094
USER	Criação E Talvez Consulta de Pessoas	START	1727225377097
USER	Criação E Talvez Consulta de Pessoas	START	1727225377128
REQUEST		criação	1727225377129	1727225377144	OK	 
USER	Busca Inválida de Pessoas	START	1727225377159
USER	Busca Válida de Pessoas	START	1727225377174
USER	Criação E Talvez Consulta de Pessoas	START	1727225377174
REQUEST		busca inválida	1727225377159	1727225377190	OK	 
USER	Busca Inválida de Pessoas	END	1727225377191
REQUEST		busca válida	1727225377175	1727225377196	OK	 
USER	Busca Válida de Pessoas	END	1727225377197
USER	Criação E Talvez Consulta de Pessoas	START	1727225377205
USER	Criação E Talvez Consulta de Pessoas	START	1727225377250
USER	Busca Válida de Pessoas	START	1727225377281
USER	Criação E Talvez Consulta de Pessoas	START	1727225377281
REQUEST		criação	1727225377251	1727225377295	OK	 
USER	Busca Inválida de Pessoas	START	1727225377297
REQUEST		criação	1727225377281	1727225377299	OK	 
USER	Criação E Talvez Consulta de Pessoas	START	1727225377312
USER	Criação E Talvez Consulta de Pessoas	START	1727225377359
REQUEST		busca inválida	1727225377296	1727225377389	OK	 
USER	Busca Inválida de Pessoas	END	1727225377390
USER	Criação E Talvez Consulta de Pessoas	START	1727225377390
USER	Busca Válida de Pessoas	START	1727225377390
REQUEST		busca válida	1727225377281	1727225377396	OK	 
USER	Busca Válida de Pessoas	END	1727225377396
USER	Criação E Talvez Consulta de Pessoas	START	1727225377436
USER	Busca Inválida de Pessoas	START	1727225377437
USER	Criação E Talvez Consulta de Pessoas	START	1727225377467
USER	Busca Válida de Pessoas	START	1727225377498
USER	Criação E Talvez Consulta de Pessoas	START	1727225377498
REQUEST		busca inválida	1727225377436	1727225377499	OK	 
USER	Busca Inválida de Pessoas	END	1727225377499
USER	Criação E Talvez Consulta de Pessoas	START	1727225377545
USER	Criação E Talvez Consulta de Pessoas	START	1727225377576
USER	Busca Inválida de Pessoas	START	1727225377576
REQUEST		busca válida	1727225377390	1727225377593	OK	 
USER	Busca Válida de Pessoas	END	1727225377593
USER	Criação E Talvez Consulta de Pessoas	START	1727225377621
USER	Busca Válida de Pessoas	START	1727225377621
USER	Criação E Talvez Consulta de Pessoas	START	1727225377653
USER	Criação E Talvez Consulta de Pessoas	START	1727225377684
REQUEST		busca inválida	1727225377576	1727225377692	OK	 
USER	Busca Inválida de Pessoas	END	1727225377692
REQUEST		busca válida	1727225377498	1727225377693	OK	 
USER	Busca Válida de Pessoas	END	1727225377693
USER	Busca Válida de Pessoas	START	1727225377732
USER	Criação E Talvez Consulta de Pessoas	START	1727225377732
USER	Busca Inválida de Pessoas	START	1727225377732
USER	Criação E Talvez Consulta de Pessoas	START	1727225377762
REQUEST		busca válida	1727225377621	1727225377791	OK	 
USER	Busca Válida de Pessoas	END	1727225377792
USER	Criação E Talvez Consulta de Pessoas	START	1727225377794
REQUEST		busca inválida	1727225377732	1727225377794	OK	 
USER	Busca Inválida de Pessoas	END	1727225377794
USER	Criação E Talvez Consulta de Pessoas	START	1727225377824
USER	Busca Válida de Pessoas	START	1727225377824
USER	Criação E Talvez Consulta de Pessoas	START	1727225377855
USER	Busca Inválida de Pessoas	START	1727225377855
USER	Criação E Talvez Consulta de Pessoas	START	1727225377886
REQUEST		busca válida	1727225377732	1727225377893	OK	 
USER	Busca Válida de Pessoas	END	1727225377894
USER	Criação E Talvez Consulta de Pessoas	START	1727225377917
USER	Busca Válida de Pessoas	START	1727225377933
USER	Criação E Talvez Consulta de Pessoas	START	1727225377948
USER	Criação E Talvez Consulta de Pessoas	START	1727225377979
USER	Busca Inválida de Pessoas	START	1727225377979
REQUEST		busca inválida	1727225377855	1727225377991	OK	 
USER	Busca Inválida de Pessoas	END	1727225377991
USER	Criação E Talvez Consulta de Pessoas	START	1727225378010
USER	Busca Válida de Pessoas	START	1727225378026
USER	Criação E Talvez Consulta de Pessoas	START	1727225378041
USER	Criação E Talvez Consulta de Pessoas	END	1727225378056
USER	Criação E Talvez Consulta de Pessoas	START	1727225378087
REQUEST		busca válida	1727225377824	1727225378100	OK	 
REQUEST		busca inválida	1727225377979	1727225378100	OK	 
USER	Busca Inválida de Pessoas	END	1727225378101
REQUEST		criação	1727225377948	1727225378100	OK	 
USER	Busca Válida de Pessoas	END	1727225378101
USER	Busca Inválida de Pessoas	START	1727225378102
USER	Criação E Talvez Consulta de Pessoas	START	1727225378117
USER	Busca Válida de Pessoas	START	1727225378132
USER	Criação E Talvez Consulta de Pessoas	START	1727225378147
USER	Criação E Talvez Consulta de Pessoas	START	1727225378178
REQUEST		criação	1727225378041	1727225378195	OK	 
USER	Criação E Talvez Consulta de Pessoas	START	1727225378209
USER	Busca Válida de Pessoas	START	1727225378225
USER	Busca Inválida de Pessoas	START	1727225378225
USER	Criação E Talvez Consulta de Pessoas	START	1727225378240
USER	Criação E Talvez Consulta de Pessoas	START	1727225378271
USER	Criação E Talvez Consulta de Pessoas	START	1727225378302
USER	Busca Válida de Pessoas	START	1727225378331
USER	Criação E Talvez Consulta de Pessoas	START	1727225378331
REQUEST		busca válida	1727225377933	1727225378341	OK	 
REQUEST		busca válida	1727225378026	1727225378341	OK	 
REQUEST		criação	1727225378087	1727225378341	OK	 
USER	Busca Válida de Pessoas	END	1727225378342
USER	Busca Válida de Pessoas	END	1727225378342
REQUEST		busca inválida	1727225378102	1727225378341	OK	 
USER	Busca Inválida de Pessoas	END	1727225378342
REQUEST		criação	1727225378178	1727225378341	OK	 
USER	Busca Inválida de Pessoas	START	1727225378347
USER	Criação E Talvez Consulta de Pessoas	START	1727225378378
REQUEST		busca inválida	1727225378225	1727225378392	OK	 
USER	Busca Inválida de Pessoas	END	1727225378392
REQUEST		criação	1727225378240	1727225378395	OK	 
USER	Criação E Talvez Consulta de Pessoas	START	1727225378409
USER	Busca Válida de Pessoas	START	1727225378424
USER	Criação E Talvez Consulta de Pessoas	START	1727225378439
USER	Criação E Talvez Consulta de Pessoas	START	1727225378469
USER	Busca Inválida de Pessoas	START	1727225378469
REQUEST		busca válida	1727225378133	1727225378488	OK	 
USER	Busca Válida de Pessoas	END	1727225378489
USER	Criação E Talvez Consulta de Pessoas	START	1727225378500
USER	Busca Válida de Pessoas	START	1727225378531
USER	Criação E Talvez Consulta de Pessoas	START	1727225378531
USER	Criação E Talvez Consulta de Pessoas	START	1727225378562
REQUEST		busca inválida	1727225378347	1727225378586	OK	 
USER	Busca Inválida de Pessoas	END	1727225378587
REQUEST		busca válida	1727225378225	1727225378588	OK	 
USER	Busca Válida de Pessoas	END	1727225378588
REQUEST		busca inválida	1727225378469	1727225378591	OK	 
USER	Busca Inválida de Pessoas	END	1727225378591
REQUEST		busca válida	1727225378331	1727225378592	OK	 
USER	Busca Válida de Pessoas	END	1727225378592
USER	Criação E Talvez Consulta de Pessoas	START	1727225378593
REQUEST		criação	1727225378500	1727225378594	OK	 
USER	Busca Inválida de Pessoas	START	1727225378609
USER	Busca Válida de Pessoas	START	1727225378624
USER	Criação E Talvez Consulta de Pessoas	START	1727225378624
USER	Criação E Talvez Consulta de Pessoas	START	1727225378654
REQUEST		busca válida	1727225378424	1727225378695	OK	 
USER	Busca Válida de Pessoas	END	1727225378695
USER	Criação E Talvez Consulta de Pessoas	START	1727225378700
USER	Criação E Talvez Consulta de Pessoas	START	1727225378732
USER	Busca Válida de Pessoas	START	1727225378732
USER	Busca Inválida de Pessoas	START	1727225378732
USER	Criação E Talvez Consulta de Pessoas	START	1727225378747
USER	Criação E Talvez Consulta de Pessoas	END	1727225378748
USER	Criação E Talvez Consulta de Pessoas	START	1727225378779
REQUEST		busca inválida	1727225378608	1727225378790	OK	 
USER	Busca Inválida de Pessoas	END	1727225378790
REQUEST		criação	1727225378624	1727225378792	OK	 
USER	Criação E Talvez Consulta de Pessoas	START	1727225378809
USER	Busca Válida de Pessoas	START	1727225378809
USER	Criação E Talvez Consulta de Pessoas	START	1727225378841
USER	Criação E Talvez Consulta de Pessoas	START	1727225378873
USER	Busca Inválida de Pessoas	START	1727225378873
REQUEST		busca válida	1727225378532	1727225378887	OK	 
USER	Busca Válida de Pessoas	END	1727225378888
REQUEST		busca inválida	1727225378732	1727225378892	OK	 
USER	Busca Inválida de Pessoas	END	1727225378892
USER	Busca Válida de Pessoas	START	1727225378904
USER	Criação E Talvez Consulta de Pessoas	START	1727225378904
USER	Criação E Talvez Consulta de Pessoas	START	1727225378935
USER	Criação E Talvez Consulta de Pessoas	START	1727225378965
USER	Busca Válida de Pessoas	START	1727225378997
USER	Criação E Talvez Consulta de Pessoas	START	1727225378997
USER	Criação E Talvez Consulta de Pessoas	END	1727225378997
USER	Busca Inválida de Pessoas	START	1727225379012
USER	Criação E Talvez Consulta de Pessoas	START	1727225379027
USER	Criação E Talvez Consulta de Pessoas	START	1727225379057
USER	Criação E Talvez Consulta de Pessoas	START	1727225379073
REQUEST		busca válida	1727225378624	1727225379087	OK	 
USER	Busca Válida de Pessoas	END	1727225379087
USER	Busca Válida de Pessoas	START	1727225379088
REQUEST		criação	1727225378841	1727225379095	OK	 
USER	Criação E Talvez Consulta de Pessoas	START	1727225379104
USER	